This is pdfTeX, Version 3.141592653-2.6-1.40.25 (TeX Live 2023/Arch Linux) (preloaded format=pdflatex 2023.10.18)  18 NOV 2023 19:45
entering extended mode
 restricted \write18 enabled.
 %&-line parsing enabled.
**informe.tex
(./informe.tex
LaTeX2e <2022-11-01> patch level 1
L3 programming layer <2023-02-22>
(/usr/share/texmf-dist/tex/latex/base/article.cls
Document Class: article 2022/07/02 v1.4n Standard LaTeX document class
(/usr/share/texmf-dist/tex/latex/base/size12.clo
File: size12.clo 2022/07/02 v1.4n Standard LaTeX file (size option)
)
\c@part=\count185
\c@section=\count186
\c@subsection=\count187
\c@subsubsection=\count188
\c@paragraph=\count189
\c@subparagraph=\count190
\c@figure=\count191
\c@table=\count192
\abovecaptionskip=\skip48
\belowcaptionskip=\skip49
\bibindent=\dimen140
) (./inc/estructura_enzo.tex
(/usr/share/texmf-dist/tex/latex/fancyhdr/fancyhdr.sty
Package: fancyhdr 2022/11/09 v4.1 Extensive control of page headers and footers

\f@nch@headwidth=\skip50
\f@nch@O@elh=\skip51
\f@nch@O@erh=\skip52
\f@nch@O@olh=\skip53
\f@nch@O@orh=\skip54
\f@nch@O@elf=\skip55
\f@nch@O@erf=\skip56
\f@nch@O@olf=\skip57
\f@nch@O@orf=\skip58
)
(/usr/share/texmf-dist/tex/latex/geometry/geometry.sty
Package: geometry 2020/01/02 v5.9 Page Geometry

(/usr/share/texmf-dist/tex/latex/graphics/keyval.sty
Package: keyval 2022/05/29 v1.15 key=value parser (DPC)
\KV@toks@=\toks16
)
(/usr/share/texmf-dist/tex/generic/iftex/ifvtex.sty
Package: ifvtex 2019/10/25 v1.7 ifvtex legacy package. Use iftex instead.

(/usr/share/texmf-dist/tex/generic/iftex/iftex.sty
Package: iftex 2022/02/03 v1.0f TeX engine tests
))
\Gm@cnth=\count193
\Gm@cntv=\count194
\c@Gm@tempcnt=\count195
\Gm@bindingoffset=\dimen141
\Gm@wd@mp=\dimen142
\Gm@odd@mp=\dimen143
\Gm@even@mp=\dimen144
\Gm@layoutwidth=\dimen145
\Gm@layoutheight=\dimen146
\Gm@layouthoffset=\dimen147
\Gm@layoutvoffset=\dimen148
\Gm@dimlist=\toks17
)
(/usr/share/texmf-dist/tex/latex/graphics/graphicx.sty
Package: graphicx 2021/09/16 v1.2d Enhanced LaTeX Graphics (DPC,SPQR)

(/usr/share/texmf-dist/tex/latex/graphics/graphics.sty
Package: graphics 2022/03/10 v1.4e Standard LaTeX Graphics (DPC,SPQR)

(/usr/share/texmf-dist/tex/latex/graphics/trig.sty
Package: trig 2021/08/11 v1.11 sin cos tan (DPC)
)
(/usr/share/texmf-dist/tex/latex/graphics-cfg/graphics.cfg
File: graphics.cfg 2016/06/04 v1.11 sample graphics configuration
)
Package graphics Info: Driver file: pdftex.def on input line 107.

(/usr/share/texmf-dist/tex/latex/graphics-def/pdftex.def
File: pdftex.def 2022/09/22 v1.2b Graphics/color driver for pdftex
))
\Gin@req@height=\dimen149
\Gin@req@width=\dimen150
)
(/usr/share/texmf-dist/tex/latex/lastpage/lastpage.sty
Package: lastpage 2023/03/07 v2.0a lastpage: 2.09 or 2e? (HMM)

(/usr/share/texmf-dist/tex/latex/lastpage/lastpage2e.sty
Package: lastpage2e 2023/03/07 v2.0a Decide which 2e lastpage version to use (H
MM)

(/usr/share/texmf-dist/tex/latex/lastpage/lastpagemodern.sty
Package: lastpagemodern 2023-03-07 v2.0a Refers to last page's name (HMM; JPG)
) 
)) (/usr/share/texmf-dist/tex/latex/wrapfig/wrapfig.sty
\wrapoverhang=\dimen151
\WF@size=\dimen152
\c@WF@wrappedlines=\count196
\WF@box=\box51
\WF@everypar=\toks18
Package: wrapfig 2003/01/31  v 3.6
)
(/usr/share/texmf-dist/tex/latex/pgf/frontendlayer/tikz.sty
(/usr/share/texmf-dist/tex/latex/pgf/basiclayer/pgf.sty
(/usr/share/texmf-dist/tex/latex/pgf/utilities/pgfrcs.sty
(/usr/share/texmf-dist/tex/generic/pgf/utilities/pgfutil-common.tex
\pgfutil@everybye=\toks19
\pgfutil@tempdima=\dimen153
\pgfutil@tempdimb=\dimen154
)
(/usr/share/texmf-dist/tex/generic/pgf/utilities/pgfutil-latex.def
\pgfutil@abb=\box52
)
(/usr/share/texmf-dist/tex/generic/pgf/utilities/pgfrcs.code.tex
(/usr/share/texmf-dist/tex/generic/pgf/pgf.revision.tex)
Package: pgfrcs 2023-01-15 v3.1.10 (3.1.10)
))
Package: pgf 2023-01-15 v3.1.10 (3.1.10)

(/usr/share/texmf-dist/tex/latex/pgf/basiclayer/pgfcore.sty
(/usr/share/texmf-dist/tex/latex/pgf/systemlayer/pgfsys.sty
(/usr/share/texmf-dist/tex/generic/pgf/systemlayer/pgfsys.code.tex
Package: pgfsys 2023-01-15 v3.1.10 (3.1.10)

(/usr/share/texmf-dist/tex/generic/pgf/utilities/pgfkeys.code.tex
\pgfkeys@pathtoks=\toks20
\pgfkeys@temptoks=\toks21

(/usr/share/texmf-dist/tex/generic/pgf/utilities/pgfkeyslibraryfiltered.code.te
x
\pgfkeys@tmptoks=\toks22
))
\pgf@x=\dimen155
\pgf@y=\dimen156
\pgf@xa=\dimen157
\pgf@ya=\dimen158
\pgf@xb=\dimen159
\pgf@yb=\dimen160
\pgf@xc=\dimen161
\pgf@yc=\dimen162
\pgf@xd=\dimen163
\pgf@yd=\dimen164
\w@pgf@writea=\write3
\r@pgf@reada=\read2
\c@pgf@counta=\count197
\c@pgf@countb=\count198
\c@pgf@countc=\count199
\c@pgf@countd=\count266
\t@pgf@toka=\toks23
\t@pgf@tokb=\toks24
\t@pgf@tokc=\toks25
\pgf@sys@id@count=\count267
 (/usr/share/texmf-dist/tex/generic/pgf/systemlayer/pgf.cfg
File: pgf.cfg 2023-01-15 v3.1.10 (3.1.10)
)
Driver file for pgf: pgfsys-pdftex.def

(/usr/share/texmf-dist/tex/generic/pgf/systemlayer/pgfsys-pdftex.def
File: pgfsys-pdftex.def 2023-01-15 v3.1.10 (3.1.10)

(/usr/share/texmf-dist/tex/generic/pgf/systemlayer/pgfsys-common-pdf.def
File: pgfsys-common-pdf.def 2023-01-15 v3.1.10 (3.1.10)
)))
(/usr/share/texmf-dist/tex/generic/pgf/systemlayer/pgfsyssoftpath.code.tex
File: pgfsyssoftpath.code.tex 2023-01-15 v3.1.10 (3.1.10)
\pgfsyssoftpath@smallbuffer@items=\count268
\pgfsyssoftpath@bigbuffer@items=\count269
)
(/usr/share/texmf-dist/tex/generic/pgf/systemlayer/pgfsysprotocol.code.tex
File: pgfsysprotocol.code.tex 2023-01-15 v3.1.10 (3.1.10)
))
(/usr/share/texmf-dist/tex/latex/xcolor/xcolor.sty
Package: xcolor 2022/06/12 v2.14 LaTeX color extensions (UK)

(/usr/share/texmf-dist/tex/latex/graphics-cfg/color.cfg
File: color.cfg 2016/01/02 v1.6 sample color configuration
)
Package xcolor Info: Driver file: pdftex.def on input line 227.

(/usr/share/texmf-dist/tex/latex/graphics/mathcolor.ltx)
Package xcolor Info: Model `cmy' substituted by `cmy0' on input line 1353.
Package xcolor Info: Model `hsb' substituted by `rgb' on input line 1357.
Package xcolor Info: Model `RGB' extended on input line 1369.
Package xcolor Info: Model `HTML' substituted by `rgb' on input line 1371.
Package xcolor Info: Model `Hsb' substituted by `hsb' on input line 1372.
Package xcolor Info: Model `tHsb' substituted by `hsb' on input line 1373.
Package xcolor Info: Model `HSB' substituted by `hsb' on input line 1374.
Package xcolor Info: Model `Gray' substituted by `gray' on input line 1375.
Package xcolor Info: Model `wave' substituted by `hsb' on input line 1376.
)
(/usr/share/texmf-dist/tex/generic/pgf/basiclayer/pgfcore.code.tex
Package: pgfcore 2023-01-15 v3.1.10 (3.1.10)

(/usr/share/texmf-dist/tex/generic/pgf/math/pgfmath.code.tex
(/usr/share/texmf-dist/tex/generic/pgf/math/pgfmathutil.code.tex)
(/usr/share/texmf-dist/tex/generic/pgf/math/pgfmathparser.code.tex
\pgfmath@dimen=\dimen165
\pgfmath@count=\count270
\pgfmath@box=\box53
\pgfmath@toks=\toks26
\pgfmath@stack@operand=\toks27
\pgfmath@stack@operation=\toks28
)
(/usr/share/texmf-dist/tex/generic/pgf/math/pgfmathfunctions.code.tex)
(/usr/share/texmf-dist/tex/generic/pgf/math/pgfmathfunctions.basic.code.tex)
(/usr/share/texmf-dist/tex/generic/pgf/math/pgfmathfunctions.trigonometric.code
.tex)
(/usr/share/texmf-dist/tex/generic/pgf/math/pgfmathfunctions.random.code.tex)
(/usr/share/texmf-dist/tex/generic/pgf/math/pgfmathfunctions.comparison.code.te
x) (/usr/share/texmf-dist/tex/generic/pgf/math/pgfmathfunctions.base.code.tex)
(/usr/share/texmf-dist/tex/generic/pgf/math/pgfmathfunctions.round.code.tex)
(/usr/share/texmf-dist/tex/generic/pgf/math/pgfmathfunctions.misc.code.tex)
(/usr/share/texmf-dist/tex/generic/pgf/math/pgfmathfunctions.integerarithmetics
.code.tex) (/usr/share/texmf-dist/tex/generic/pgf/math/pgfmathcalc.code.tex)
(/usr/share/texmf-dist/tex/generic/pgf/math/pgfmathfloat.code.tex
\c@pgfmathroundto@lastzeros=\count271
))
(/usr/share/texmf-dist/tex/generic/pgf/math/pgfint.code.tex)
(/usr/share/texmf-dist/tex/generic/pgf/basiclayer/pgfcorepoints.code.tex
File: pgfcorepoints.code.tex 2023-01-15 v3.1.10 (3.1.10)
\pgf@picminx=\dimen166
\pgf@picmaxx=\dimen167
\pgf@picminy=\dimen168
\pgf@picmaxy=\dimen169
\pgf@pathminx=\dimen170
\pgf@pathmaxx=\dimen171
\pgf@pathminy=\dimen172
\pgf@pathmaxy=\dimen173
\pgf@xx=\dimen174
\pgf@xy=\dimen175
\pgf@yx=\dimen176
\pgf@yy=\dimen177
\pgf@zx=\dimen178
\pgf@zy=\dimen179
)
(/usr/share/texmf-dist/tex/generic/pgf/basiclayer/pgfcorepathconstruct.code.tex
File: pgfcorepathconstruct.code.tex 2023-01-15 v3.1.10 (3.1.10)
\pgf@path@lastx=\dimen180
\pgf@path@lasty=\dimen181
) (/usr/share/texmf-dist/tex/generic/pgf/basiclayer/pgfcorepathusage.code.tex
File: pgfcorepathusage.code.tex 2023-01-15 v3.1.10 (3.1.10)
\pgf@shorten@end@additional=\dimen182
\pgf@shorten@start@additional=\dimen183
)
(/usr/share/texmf-dist/tex/generic/pgf/basiclayer/pgfcorescopes.code.tex
File: pgfcorescopes.code.tex 2023-01-15 v3.1.10 (3.1.10)
\pgfpic=\box54
\pgf@hbox=\box55
\pgf@layerbox@main=\box56
\pgf@picture@serial@count=\count272
)
(/usr/share/texmf-dist/tex/generic/pgf/basiclayer/pgfcoregraphicstate.code.tex
File: pgfcoregraphicstate.code.tex 2023-01-15 v3.1.10 (3.1.10)
\pgflinewidth=\dimen184
)
(/usr/share/texmf-dist/tex/generic/pgf/basiclayer/pgfcoretransformations.code.t
ex
File: pgfcoretransformations.code.tex 2023-01-15 v3.1.10 (3.1.10)
\pgf@pt@x=\dimen185
\pgf@pt@y=\dimen186
\pgf@pt@temp=\dimen187
) (/usr/share/texmf-dist/tex/generic/pgf/basiclayer/pgfcorequick.code.tex
File: pgfcorequick.code.tex 2023-01-15 v3.1.10 (3.1.10)
)
(/usr/share/texmf-dist/tex/generic/pgf/basiclayer/pgfcoreobjects.code.tex
File: pgfcoreobjects.code.tex 2023-01-15 v3.1.10 (3.1.10)
)
(/usr/share/texmf-dist/tex/generic/pgf/basiclayer/pgfcorepathprocessing.code.te
x
File: pgfcorepathprocessing.code.tex 2023-01-15 v3.1.10 (3.1.10)
) (/usr/share/texmf-dist/tex/generic/pgf/basiclayer/pgfcorearrows.code.tex
File: pgfcorearrows.code.tex 2023-01-15 v3.1.10 (3.1.10)
\pgfarrowsep=\dimen188
)
(/usr/share/texmf-dist/tex/generic/pgf/basiclayer/pgfcoreshade.code.tex
File: pgfcoreshade.code.tex 2023-01-15 v3.1.10 (3.1.10)
\pgf@max=\dimen189
\pgf@sys@shading@range@num=\count273
\pgf@shadingcount=\count274
)
(/usr/share/texmf-dist/tex/generic/pgf/basiclayer/pgfcoreimage.code.tex
File: pgfcoreimage.code.tex 2023-01-15 v3.1.10 (3.1.10)
)
(/usr/share/texmf-dist/tex/generic/pgf/basiclayer/pgfcoreexternal.code.tex
File: pgfcoreexternal.code.tex 2023-01-15 v3.1.10 (3.1.10)
\pgfexternal@startupbox=\box57
)
(/usr/share/texmf-dist/tex/generic/pgf/basiclayer/pgfcorelayers.code.tex
File: pgfcorelayers.code.tex 2023-01-15 v3.1.10 (3.1.10)
)
(/usr/share/texmf-dist/tex/generic/pgf/basiclayer/pgfcoretransparency.code.tex
File: pgfcoretransparency.code.tex 2023-01-15 v3.1.10 (3.1.10)
) (/usr/share/texmf-dist/tex/generic/pgf/basiclayer/pgfcorepatterns.code.tex
File: pgfcorepatterns.code.tex 2023-01-15 v3.1.10 (3.1.10)
)
(/usr/share/texmf-dist/tex/generic/pgf/basiclayer/pgfcorerdf.code.tex
File: pgfcorerdf.code.tex 2023-01-15 v3.1.10 (3.1.10)
)))
(/usr/share/texmf-dist/tex/generic/pgf/modules/pgfmoduleshapes.code.tex
File: pgfmoduleshapes.code.tex 2023-01-15 v3.1.10 (3.1.10)
\pgfnodeparttextbox=\box58
)
(/usr/share/texmf-dist/tex/generic/pgf/modules/pgfmoduleplot.code.tex
File: pgfmoduleplot.code.tex 2023-01-15 v3.1.10 (3.1.10)
)
(/usr/share/texmf-dist/tex/latex/pgf/compatibility/pgfcomp-version-0-65.sty
Package: pgfcomp-version-0-65 2023-01-15 v3.1.10 (3.1.10)
\pgf@nodesepstart=\dimen190
\pgf@nodesepend=\dimen191
)
(/usr/share/texmf-dist/tex/latex/pgf/compatibility/pgfcomp-version-1-18.sty
Package: pgfcomp-version-1-18 2023-01-15 v3.1.10 (3.1.10)
))
(/usr/share/texmf-dist/tex/latex/pgf/utilities/pgffor.sty
(/usr/share/texmf-dist/tex/latex/pgf/utilities/pgfkeys.sty
(/usr/share/texmf-dist/tex/generic/pgf/utilities/pgfkeys.code.tex))
(/usr/share/texmf-dist/tex/latex/pgf/math/pgfmath.sty
(/usr/share/texmf-dist/tex/generic/pgf/math/pgfmath.code.tex))
(/usr/share/texmf-dist/tex/generic/pgf/utilities/pgffor.code.tex
Package: pgffor 2023-01-15 v3.1.10 (3.1.10)
\pgffor@iter=\dimen192
\pgffor@skip=\dimen193
\pgffor@stack=\toks29
\pgffor@toks=\toks30
))
(/usr/share/texmf-dist/tex/generic/pgf/frontendlayer/tikz/tikz.code.tex
Package: tikz 2023-01-15 v3.1.10 (3.1.10)

(/usr/share/texmf-dist/tex/generic/pgf/libraries/pgflibraryplothandlers.code.te
x
File: pgflibraryplothandlers.code.tex 2023-01-15 v3.1.10 (3.1.10)
\pgf@plot@mark@count=\count275
\pgfplotmarksize=\dimen194
)
\tikz@lastx=\dimen195
\tikz@lasty=\dimen196
\tikz@lastxsaved=\dimen197
\tikz@lastysaved=\dimen198
\tikz@lastmovetox=\dimen199
\tikz@lastmovetoy=\dimen256
\tikzleveldistance=\dimen257
\tikzsiblingdistance=\dimen258
\tikz@figbox=\box59
\tikz@figbox@bg=\box60
\tikz@tempbox=\box61
\tikz@tempbox@bg=\box62
\tikztreelevel=\count276
\tikznumberofchildren=\count277
\tikznumberofcurrentchild=\count278
\tikz@fig@count=\count279
 (/usr/share/texmf-dist/tex/generic/pgf/modules/pgfmodulematrix.code.tex
File: pgfmodulematrix.code.tex 2023-01-15 v3.1.10 (3.1.10)
\pgfmatrixcurrentrow=\count280
\pgfmatrixcurrentcolumn=\count281
\pgf@matrix@numberofcolumns=\count282
)
\tikz@expandcount=\count283

(/usr/share/texmf-dist/tex/generic/pgf/frontendlayer/tikz/libraries/tikzlibrary
topaths.code.tex
File: tikzlibrarytopaths.code.tex 2023-01-15 v3.1.10 (3.1.10)
))) (/usr/share/texmf-dist/tex/latex/eso-pic/eso-pic.sty
Package: eso-pic 2020/10/14 v3.0a eso-pic (RN)
\ESO@tempdima=\dimen259
\ESO@tempdimb=\dimen260
)
(/usr/share/texmf-dist/tex/generic/pgf/frontendlayer/tikz/libraries/tikzlibrary
calc.code.tex
File: tikzlibrarycalc.code.tex 2023-01-15 v3.1.10 (3.1.10)
)
(/usr/share/texmf-dist/tex/generic/pgf/frontendlayer/tikz/libraries/tikzlibrary
decorations.pathmorphing.code.tex
(/usr/share/texmf-dist/tex/generic/pgf/frontendlayer/tikz/libraries/tikzlibrary
decorations.code.tex
(/usr/share/texmf-dist/tex/generic/pgf/modules/pgfmoduledecorations.code.tex
\pgfdecoratedcompleteddistance=\dimen261
\pgfdecoratedremainingdistance=\dimen262
\pgfdecoratedinputsegmentcompleteddistance=\dimen263
\pgfdecoratedinputsegmentremainingdistance=\dimen264
\pgf@decorate@distancetomove=\dimen265
\pgf@decorate@repeatstate=\count284
\pgfdecorationsegmentamplitude=\dimen266
\pgfdecorationsegmentlength=\dimen267
)
\tikz@lib@dec@box=\box63
)
(/usr/share/texmf-dist/tex/generic/pgf/libraries/decorations/pgflibrarydecorati
ons.pathmorphing.code.tex)) (/usr/share/texmf-dist/tex/latex/base/inputenc.sty
Package: inputenc 2021/02/14 v1.3d Input encoding file
\inpenc@prehook=\toks31
\inpenc@posthook=\toks32
) (/usr/share/texmf-dist/tex/latex/base/fontenc.sty
Package: fontenc 2021/04/29 v2.0v Standard LaTeX package
)
(/usr/share/texmf-dist/tex/latex/psnfss/mathpazo.sty
Package: mathpazo 2020/03/25 PSNFSS-v9.3 Palatino w/ Pazo Math (D.Puga, WaS) 
\symupright=\mathgroup4
))
(/usr/share/texmf-dist/tex/generic/babel/babel.sty
Package: babel 2023/02/13 3.86 The Babel package
\babel@savecnt=\count285
\U@D=\dimen268
\l@unhyphenated=\language3

(/usr/share/texmf-dist/tex/generic/babel/txtbabel.def)
\bbl@readstream=\read3
\bbl@dirlevel=\count286

(/usr/share/texmf-dist/tex/generic/babel-spanish/spanish.ldf
Language: spanish.ldf 2021/05/27 v5.0q Spanish support from the babel system


Package babel Warning: No hyphenation patterns were preloaded for
(babel)                the language 'Spanish' into the format.
(babel)                Please, configure your TeX system to add them and
(babel)                rebuild the format. Now I will use the patterns
(babel)                preloaded for \language=0 instead on input line 51.

Package babel Info: Hyphen rules for 'spanish' set to \l@english
(babel)             (\language0). Reported on input line 52.
\es@quottoks=\toks33
\es@quotdepth=\count287
Package babel Info: Making " an active character on input line 570.
Package babel Info: Making . an active character on input line 675.
Package babel Info: Making < an active character on input line 722.
Package babel Info: Making > an active character on input line 722.
)) (/usr/share/texmf-dist/tex/generic/babel/locale/es/babel-spanish.tex
Package babel Info: Importing font and identification data for spanish
(babel)             from babel-es.ini. Reported on input line 11.
)
(/usr/share/texmf-dist/tex/latex/amsmath/amsmath.sty
Package: amsmath 2022/04/08 v2.17n AMS math features
\@mathmargin=\skip59

For additional information on amsmath, use the `?' option.
(/usr/share/texmf-dist/tex/latex/amsmath/amstext.sty
Package: amstext 2021/08/26 v2.01 AMS text

(/usr/share/texmf-dist/tex/latex/amsmath/amsgen.sty
File: amsgen.sty 1999/11/30 v2.0 generic functions
\@emptytoks=\toks34
\ex@=\dimen269
))
(/usr/share/texmf-dist/tex/latex/amsmath/amsbsy.sty
Package: amsbsy 1999/11/29 v1.2d Bold Symbols
\pmbraise@=\dimen270
)
(/usr/share/texmf-dist/tex/latex/amsmath/amsopn.sty
Package: amsopn 2022/04/08 v2.04 operator names
)
\inf@bad=\count288
LaTeX Info: Redefining \frac on input line 234.
\uproot@=\count289
\leftroot@=\count290
LaTeX Info: Redefining \overline on input line 399.
LaTeX Info: Redefining \colon on input line 410.
\classnum@=\count291
\DOTSCASE@=\count292
LaTeX Info: Redefining \ldots on input line 496.
LaTeX Info: Redefining \dots on input line 499.
LaTeX Info: Redefining \cdots on input line 620.
\Mathstrutbox@=\box64
\strutbox@=\box65
LaTeX Info: Redefining \big on input line 722.
LaTeX Info: Redefining \Big on input line 723.
LaTeX Info: Redefining \bigg on input line 724.
LaTeX Info: Redefining \Bigg on input line 725.
\big@size=\dimen271
LaTeX Font Info:    Redeclaring font encoding OML on input line 743.
LaTeX Font Info:    Redeclaring font encoding OMS on input line 744.
\macc@depth=\count293
LaTeX Info: Redefining \bmod on input line 905.
LaTeX Info: Redefining \pmod on input line 910.
LaTeX Info: Redefining \smash on input line 940.
LaTeX Info: Redefining \relbar on input line 970.
LaTeX Info: Redefining \Relbar on input line 971.
\c@MaxMatrixCols=\count294
\dotsspace@=\muskip16
\c@parentequation=\count295
\dspbrk@lvl=\count296
\tag@help=\toks35
\row@=\count297
\column@=\count298
\maxfields@=\count299
\andhelp@=\toks36
\eqnshift@=\dimen272
\alignsep@=\dimen273
\tagshift@=\dimen274
\tagwidth@=\dimen275
\totwidth@=\dimen276
\lineht@=\dimen277
\@envbody=\toks37
\multlinegap=\skip60
\multlinetaggap=\skip61
\mathdisplay@stack=\toks38
LaTeX Info: Redefining \[ on input line 2953.
LaTeX Info: Redefining \] on input line 2954.
)
(/usr/share/texmf-dist/tex/latex/booktabs/booktabs.sty
Package: booktabs 2020/01/12 v1.61803398 Publication quality tables
\heavyrulewidth=\dimen278
\lightrulewidth=\dimen279
\cmidrulewidth=\dimen280
\belowrulesep=\dimen281
\belowbottomsep=\dimen282
\aboverulesep=\dimen283
\abovetopsep=\dimen284
\cmidrulesep=\dimen285
\cmidrulekern=\dimen286
\defaultaddspace=\dimen287
\@cmidla=\count300
\@cmidlb=\count301
\@aboverulesep=\dimen288
\@belowrulesep=\dimen289
\@thisruleclass=\count302
\@lastruleclass=\count303
\@thisrulewidth=\dimen290
)
(/usr/share/texmf-dist/tex/latex/l3packages/xfrac/xfrac.sty
(/usr/share/texmf-dist/tex/latex/l3kernel/expl3.sty
Package: expl3 2023-02-22 L3 programming layer (loader) 

(/usr/share/texmf-dist/tex/latex/l3backend/l3backend-pdftex.def
File: l3backend-pdftex.def 2023-01-16 L3 backend support: PDF output (pdfTeX)
\l__color_backend_stack_int=\count304
\l__pdf_internal_box=\box66
))
(/usr/share/texmf-dist/tex/latex/l3packages/l3keys2e/l3keys2e.sty
Package: l3keys2e 2023-02-02 LaTeX2e option processing using LaTeX3 keys
)
(/usr/share/texmf-dist/tex/latex/base/textcomp.sty
Package: textcomp 2020/02/02 v2.0n Standard LaTeX package
)
(/usr/share/texmf-dist/tex/latex/l3packages/xparse/xparse.sty
Package: xparse 2023-02-02 L3 Experimental document command parser
)
(/usr/share/texmf-dist/tex/latex/l3packages/xtemplate/xtemplate.sty
Package: xtemplate 2023-02-02 L3 Experimental prototype document functions
\l__xtemplate_tmp_dim=\dimen291
\l__xtemplate_tmp_int=\count305
\l__xtemplate_tmp_muskip=\muskip17
\l__xtemplate_tmp_skip=\skip62
)
Package: xfrac 2023-02-02 L3 Experimental split-level fractions
\l__xfrac_slash_box=\box67
\l__xfrac_tmp_box=\box68
\l__xfrac_denominator_bot_sep_dim=\dimen292
\l__xfrac_numerator_bot_sep_dim=\dimen293
\l__xfrac_numerator_top_sep_dim=\dimen294
\l__xfrac_slash_left_sep_dim=\dimen295
\l__xfrac_slash_right_sep_dim=\dimen296
\l__xfrac_slash_left_muskip=\muskip18
\l__xfrac_slash_right_muskip=\muskip19

Package xtemplate Info: Declaring object type 'xfrac' taking 3 argument(s) on
(xtemplate)             line 80.

)
(/usr/share/texmf-dist/tex/latex/siunitx/siunitx.sty
Package: siunitx 2023-03-04 v3.2.2 A comprehensive (SI) units package
\l__siunitx_angle_tmp_dim=\dimen297
\l__siunitx_angle_marker_box=\box69
\l__siunitx_angle_unit_box=\box70
\l__siunitx_compound_count_int=\count306

(/usr/share/texmf-dist/tex/latex/translations/translations.sty
Package: translations 2022/02/05 v1.12 internationalization of LaTeX2e packages
 (CN)

(/usr/share/texmf-dist/tex/latex/etoolbox/etoolbox.sty
Package: etoolbox 2020/10/05 v2.5k e-TeX tools for LaTeX (JAW)
\etb@tempcnta=\count307
)
(/usr/share/texmf-dist/tex/generic/pdftexcmds/pdftexcmds.sty
Package: pdftexcmds 2020-06-27 v0.33 Utility functions of pdfTeX for LuaTeX (HO
)

(/usr/share/texmf-dist/tex/generic/infwarerr/infwarerr.sty
Package: infwarerr 2019/12/03 v1.5 Providing info/warning/error messages (HO)
)
(/usr/share/texmf-dist/tex/generic/ltxcmds/ltxcmds.sty
Package: ltxcmds 2020-05-10 v1.25 LaTeX kernel commands for general use (HO)
)
Package pdftexcmds Info: \pdf@primitive is available.
Package pdftexcmds Info: \pdf@ifprimitive is available.
Package pdftexcmds Info: \pdfdraftmode found.
))
\l__siunitx_number_exponent_fixed_int=\count308
\l__siunitx_number_min_decimal_int=\count309
\l__siunitx_number_min_integer_int=\count310
\l__siunitx_number_round_precision_int=\count311
\l__siunitx_number_lower_threshold_int=\count312
\l__siunitx_number_upper_threshold_int=\count313
\l__siunitx_number_group_first_int=\count314
\l__siunitx_number_group_size_int=\count315
\l__siunitx_number_group_minimum_int=\count316
\l__siunitx_table_tmp_box=\box71
\l__siunitx_table_tmp_dim=\dimen298
\l__siunitx_table_column_width_dim=\dimen299
\l__siunitx_table_integer_box=\box72
\l__siunitx_table_decimal_box=\box73
\l__siunitx_table_uncert_box=\box74
\l__siunitx_table_before_box=\box75
\l__siunitx_table_after_box=\box76
\l__siunitx_table_before_dim=\dimen300
\l__siunitx_table_carry_dim=\dimen301
\l__siunitx_unit_tmp_int=\count317
\l__siunitx_unit_position_int=\count318
\l__siunitx_unit_total_int=\count319

(/usr/share/texmf-dist/tex/latex/tools/array.sty
Package: array 2022/09/04 v2.5g Tabular extension package (FMi)
\col@sep=\dimen302
\ar@mcellbox=\box77
\extrarowheight=\dimen303
\NC@list=\toks39
\extratabsurround=\skip63
\backup@length=\skip64
\ar@cellbox=\box78
))
LaTeX Font Info:    Trying to load font information for T1+ppl on input line 28
.

(/usr/share/texmf-dist/tex/latex/psnfss/t1ppl.fd
File: t1ppl.fd 2001/06/04 font definitions for T1/ppl.
) (./informe.aux
LaTeX Info: Redefining \. on input line 9.
LaTeX Info: Redefining \% on input line 9.
)
\openout1 = `informe.aux'.

LaTeX Font Info:    Checking defaults for OML/cmm/m/it on input line 28.
LaTeX Font Info:    ... okay on input line 28.
LaTeX Font Info:    Checking defaults for OMS/cmsy/m/n on input line 28.
LaTeX Font Info:    ... okay on input line 28.
LaTeX Font Info:    Checking defaults for OT1/cmr/m/n on input line 28.
LaTeX Font Info:    ... okay on input line 28.
LaTeX Font Info:    Checking defaults for T1/cmr/m/n on input line 28.
LaTeX Font Info:    ... okay on input line 28.
LaTeX Font Info:    Checking defaults for TS1/cmr/m/n on input line 28.
LaTeX Font Info:    ... okay on input line 28.
LaTeX Font Info:    Checking defaults for OMX/cmex/m/n on input line 28.
LaTeX Font Info:    ... okay on input line 28.
LaTeX Font Info:    Checking defaults for U/cmr/m/n on input line 28.
LaTeX Font Info:    ... okay on input line 28.

*geometry* driver: auto-detecting
*geometry* detected driver: pdftex
*geometry* verbose mode - [ preamble ] result:
* driver: pdftex
* paper: a4paper
* layout: <same size as paper>
* layoutoffset:(h,v)=(0.0pt,0.0pt)
* modes: 
* h-part:(L,W,R)=(72.26999pt, 452.9679pt, 72.26999pt)
* v-part:(T,H,B)=(101.40665pt, 591.5302pt, 152.11pt)
* \paperwidth=597.50787pt
* \paperheight=845.04684pt
* \textwidth=452.9679pt
* \textheight=591.5302pt
* \oddsidemargin=0.0pt
* \evensidemargin=0.0pt
* \topmargin=-7.8683pt
* \headheight=59.58496pt
* \headsep=25.0pt
* \topskip=12.0pt
* \footskip=42.0pt
* \marginparwidth=35.0pt
* \marginparsep=10.0pt
* \columnsep=10.0pt
* \skip\footins=10.8pt plus 4.0pt minus 2.0pt
* \hoffset=0.0pt
* \voffset=0.0pt
* \mag=1000
* \@twocolumnfalse
* \@twosidefalse
* \@mparswitchfalse
* \@reversemarginfalse
* (1in=72.27pt=25.4mm, 1cm=28.453pt)

(/usr/share/texmf-dist/tex/context/base/mkii/supp-pdf.mkii
[Loading MPS to PDF converter (version 2006.09.02).]
\scratchcounter=\count320
\scratchdimen=\dimen304
\scratchbox=\box79
\nofMPsegments=\count321
\nofMParguments=\count322
\everyMPshowfont=\toks40
\MPscratchCnt=\count323
\MPscratchDim=\dimen305
\MPnumerator=\count324
\makeMPintoPDFobject=\count325
\everyMPtoPDFconversion=\toks41
) (/usr/share/texmf-dist/tex/latex/epstopdf-pkg/epstopdf-base.sty
Package: epstopdf-base 2020-01-24 v2.11 Base part for package epstopdf
Package epstopdf-base Info: Redefining graphics rule for `.eps' on input line 4
85.

(/usr/share/texmf-dist/tex/latex/latexconfig/epstopdf-sys.cfg
File: epstopdf-sys.cfg 2010/07/13 v1.3 Configuration of (r)epstopdf for TeX Liv
e
))
LaTeX Info: Redefining \. on input line 28.
LaTeX Info: Redefining \% on input line 28.

(/usr/share/texmf-dist/tex/latex/translations/translations-basic-dictionary-spa
nish.trsl
File: translations-basic-dictionary-spanish.trsl (spanish translation file `tra
nslations-basic-dictionary')
)
Package translations Info: loading dictionary `translations-basic-dictionary' f
or `spanish'. on input line 28.
<inc/COPYlogo-utn.png, id=4, 155.83218pt x 182.93344pt>
File: inc/COPYlogo-utn.png Graphic file (type png)
<use inc/COPYlogo-utn.png>
Package pdftex.def Info: inc/COPYlogo-utn.png  used on input line 29.
(pdftex.def)             Requested size: 144.95303pt x 170.1654pt.
 [1

{/var/lib/texmf/fonts/map/pdftex/updmap/pdftex.map}{/usr/share/texmf-dist/fonts
/enc/dvips/base/8r.enc} <./inc/COPYlogo-utn.png>] (./informe.toc)
\tf@toc=\write4
\openout4 = `informe.toc'.



LaTeX Warning: Reference `LastPage' on page 2 undefined on input line 31.

<./inc/COPYlogo-utn.png, id=13, 155.83218pt x 182.93344pt>
File: ./inc/COPYlogo-utn.png Graphic file (type png)
<use ./inc/COPYlogo-utn.png>
Package pdftex.def Info: ./inc/COPYlogo-utn.png  used on input line 31.
(pdftex.def)             Requested size: 42.67912pt x 50.10168pt.

Overfull \hbox (20.77052pt too wide) has occurred while \output is active
[][] 
 []


LaTeX Warning: Reference `LastPage' on page 2 undefined on input line 31.

[2

 <./inc/COPYlogo-utn.png>]

LaTeX Warning: Reference `LastPage' on page 3 undefined on input line 34.

File: ./inc/COPYlogo-utn.png Graphic file (type png)
<use ./inc/COPYlogo-utn.png>
Package pdftex.def Info: ./inc/COPYlogo-utn.png  used on input line 34.
(pdftex.def)             Requested size: 42.67912pt x 50.10168pt.

Overfull \hbox (20.77052pt too wide) has occurred while \output is active
[][] 
 []


LaTeX Warning: Reference `LastPage' on page 3 undefined on input line 34.

[3

]
LaTeX Font Info:    Trying to load font information for OT1+ppl on input line 3
7.
 (/usr/share/texmf-dist/tex/latex/psnfss/ot1ppl.fd
File: ot1ppl.fd 2001/06/04 font definitions for OT1/ppl.
)
LaTeX Font Info:    Trying to load font information for OML+zplm on input line 
37.

(/usr/share/texmf-dist/tex/latex/psnfss/omlzplm.fd
File: omlzplm.fd 2002/09/08 Fontinst v1.914 font definitions for OML/zplm.
)
LaTeX Font Info:    Trying to load font information for OMS+zplm on input line 
37.

(/usr/share/texmf-dist/tex/latex/psnfss/omszplm.fd
File: omszplm.fd 2002/09/08 Fontinst v1.914 font definitions for OMS/zplm.
)
LaTeX Font Info:    Trying to load font information for OMX+zplm on input line 
37.

(/usr/share/texmf-dist/tex/latex/psnfss/omxzplm.fd
File: omxzplm.fd 2002/09/08 Fontinst v1.914 font definitions for OMX/zplm.
)
LaTeX Font Info:    Trying to load font information for OT1+zplm on input line 
37.

(/usr/share/texmf-dist/tex/latex/psnfss/ot1zplm.fd
File: ot1zplm.fd 2002/09/08 Fontinst v1.914 font definitions for OT1/zplm.
)

LaTeX Warning: Reference `LastPage' on page 4 undefined on input line 51.

File: ./inc/COPYlogo-utn.png Graphic file (type png)
<use ./inc/COPYlogo-utn.png>
Package pdftex.def Info: ./inc/COPYlogo-utn.png  used on input line 51.
(pdftex.def)             Requested size: 42.67912pt x 50.10168pt.

Overfull \hbox (20.77052pt too wide) has occurred while \output is active
[][] 
 []


LaTeX Warning: Reference `LastPage' on page 4 undefined on input line 51.

[4

]
LaTeX Font Info:    Calculating math sizes for size <8.76118> on input line 57.



LaTeX Warning: Reference `LastPage' on page 5 undefined on input line 82.

File: ./inc/COPYlogo-utn.png Graphic file (type png)
<use ./inc/COPYlogo-utn.png>
Package pdftex.def Info: ./inc/COPYlogo-utn.png  used on input line 82.
(pdftex.def)             Requested size: 42.67912pt x 50.10168pt.

Overfull \hbox (20.77052pt too wide) has occurred while \output is active
[][] 
 []


LaTeX Warning: Reference `LastPage' on page 5 undefined on input line 82.

[5

]
Underfull \hbox (badness 10000) in paragraph at lines 84--85

 []


Underfull \hbox (badness 10000) in paragraph at lines 85--86

 []


Underfull \hbox (badness 10000) in paragraph at lines 86--87

 []


Underfull \hbox (badness 10000) in paragraph at lines 87--88

 []


LaTeX Warning: Reference `LastPage' on page 6 undefined on input line 90.

File: ./inc/COPYlogo-utn.png Graphic file (type png)
<use ./inc/COPYlogo-utn.png>
Package pdftex.def Info: ./inc/COPYlogo-utn.png  used on input line 90.
(pdftex.def)             Requested size: 42.67912pt x 50.10168pt.

Overfull \hbox (20.77052pt too wide) has occurred while \output is active
[][] 
 []


LaTeX Warning: Reference `LastPage' on page 6 undefined on input line 90.

[6

]
Package textcomp Info: Symbol \textasciiacute not provided by
(textcomp)             font family ppl in TS1 encoding.
(textcomp)             Default family used instead on input line 142.

! Missing $ inserted.
<inserted text> 
                $
l.143       R_
              {1}= &i_{1}=0.0467 &V_{1}=4.6 &V_{1}’=4.62 &i_{1}’=45.5 \\
? 
! Missing $ inserted.
<inserted text> 
                $
l.143       R_{1}= &
                    i_{1}=0.0467 &V_{1}=4.6 &V_{1}’=4.62 &i_{1}’=45.5 \\
? 
! Missing $ inserted.
<inserted text> 
                $
l.143       R_{1}= &i_
                      {1}=0.0467 &V_{1}=4.6 &V_{1}’=4.62 &i_{1}’=45.5 \\
? 
! Missing $ inserted.
<inserted text> 
                $
l.143       R_{1}= &i_{1}=0.0467 &
                                  V_{1}=4.6 &V_{1}’=4.62 &i_{1}’=45.5 \\
? 
! Missing $ inserted.
<inserted text> 
                $
l.143       R_{1}= &i_{1}=0.0467 &V_
                                    {1}=4.6 &V_{1}’=4.62 &i_{1}’=45.5 \\
? 
! Missing $ inserted.
<inserted text> 
                $
l.143       R_{1}= &i_{1}=0.0467 &V_{1}=4.6 &
                                             V_{1}’=4.62 &i_{1}’=45.5 \\
? 
! Missing $ inserted.
<inserted text> 
                $
l.143       R_{1}= &i_{1}=0.0467 &V_{1}=4.6 &V_
                                               {1}’=4.62 &i_{1}’=45.5 \\
? 

LaTeX Warning: Command \textquoteright invalid in math mode on input line 143.

! Missing $ inserted.
<inserted text> 
                $
l.143 ...&i_{1}=0.0467 &V_{1}=4.6 &V_{1}’=4.62 &
                                                  i_{1}’=45.5 \\
? 
! Missing $ inserted.
<inserted text> 
                $
l.143 ..._{1}=0.0467 &V_{1}=4.6 &V_{1}’=4.62 &i_
                                                  {1}’=45.5 \\
? 

LaTeX Warning: Command \textquoteright invalid in math mode on input line 143.

! Missing $ inserted.
<inserted text> 
                $
l.144       R
             _{2}= &i_{2}=0.0354 &V_{2}=5.3 &V_{2}’=5.27 &i_{2}’=34.7 \\
? 
! Missing $ inserted.
<inserted text> 
                $
l.144       R_
              {2}= &i_{2}=0.0354 &V_{2}=5.3 &V_{2}’=5.27 &i_{2}’=34.7 \\
? 
! Missing $ inserted.
<inserted text> 
                $
l.144       R_{2}= &
                    i_{2}=0.0354 &V_{2}=5.3 &V_{2}’=5.27 &i_{2}’=34.7 \\
? 
! Missing $ inserted.
<inserted text> 
                $
l.144       R_{2}= &i_
                      {2}=0.0354 &V_{2}=5.3 &V_{2}’=5.27 &i_{2}’=34.7 \\
? 
! Missing $ inserted.
<inserted text> 
                $
l.144       R_{2}= &i_{2}=0.0354 &
                                  V_{2}=5.3 &V_{2}’=5.27 &i_{2}’=34.7 \\
? 
! Missing $ inserted.
<inserted text> 
                $
l.144       R_{2}= &i_{2}=0.0354 &V_
                                    {2}=5.3 &V_{2}’=5.27 &i_{2}’=34.7 \\
? 
! Missing $ inserted.
<inserted text> 
                $
l.144       R_{2}= &i_{2}=0.0354 &V_{2}=5.3 &
                                             V_{2}’=5.27 &i_{2}’=34.7 \\
? 
! Missing $ inserted.
<inserted text> 
                $
l.144       R_{2}= &i_{2}=0.0354 &V_{2}=5.3 &V_
                                               {2}’=5.27 &i_{2}’=34.7 \\
? 

LaTeX Warning: Command \textquoteright invalid in math mode on input line 144.

! Missing $ inserted.
<inserted text> 
                $
l.144 ...&i_{2}=0.0354 &V_{2}=5.3 &V_{2}’=5.27 &
                                                  i_{2}’=34.7 \\
? 
! Missing $ inserted.
<inserted text> 
                $
l.144 ..._{2}=0.0354 &V_{2}=5.3 &V_{2}’=5.27 &i_
                                                  {2}’=34.7 \\
? 

LaTeX Warning: Command \textquoteright invalid in math mode on input line 144.

! Missing $ inserted.
<inserted text> 
                $
l.145       R
             _{3}= &i_{3}=0.0113 &V_{3}=2.26 &V_{3}’=2.22 &i_{3}’=11.1 \\
? 
! Missing $ inserted.
<inserted text> 
                $
l.145       R_
              {3}= &i_{3}=0.0113 &V_{3}=2.26 &V_{3}’=2.22 &i_{3}’=11.1 \\
? 
! Missing $ inserted.
<inserted text> 
                $
l.145       R_{3}= &
                    i_{3}=0.0113 &V_{3}=2.26 &V_{3}’=2.22 &i_{3}’=11.1 \\
? 
! Missing $ inserted.
<inserted text> 
                $
l.145       R_{3}= &i_
                      {3}=0.0113 &V_{3}=2.26 &V_{3}’=2.22 &i_{3}’=11.1 \\
? 
! Missing $ inserted.
<inserted text> 
                $
l.145       R_{3}= &i_{3}=0.0113 &
                                  V_{3}=2.26 &V_{3}’=2.22 &i_{3}’=11.1 \\
? 
! Missing $ inserted.
<inserted text> 
                $
l.145       R_{3}= &i_{3}=0.0113 &V_
                                    {3}=2.26 &V_{3}’=2.22 &i_{3}’=11.1 \\
? 
! Missing $ inserted.
<inserted text> 
                $
l.145       R_{3}= &i_{3}=0.0113 &V_{3}=2.26 &
                                              V_{3}’=2.22 &i_{3}’=11.1 \\
? 
! Missing $ inserted.
<inserted text> 
                $
l.145       R_{3}= &i_{3}=0.0113 &V_{3}=2.26 &V_
                                                {3}’=2.22 &i_{3}’=11.1 \\
? 

LaTeX Warning: Command \textquoteright invalid in math mode on input line 145.

! Missing $ inserted.
<inserted text> 
                $
l.145 ...i_{3}=0.0113 &V_{3}=2.26 &V_{3}’=2.22 &
                                                  i_{3}’=11.1 \\
? 
! Missing $ inserted.
<inserted text> 
                $
l.145 ...{3}=0.0113 &V_{3}=2.26 &V_{3}’=2.22 &i_
                                                  {3}’=11.1 \\
? 

LaTeX Warning: Command \textquoteright invalid in math mode on input line 145.

! Missing $ inserted.
<inserted text> 
                $
l.146       R
             _{4}= &i_{4}=0.0113 &V_{4}=3.056 &V_{4}’=3 &i_{4}’=34.7 \\
? 
! Missing $ inserted.
<inserted text> 
                $
l.146       R_
              {4}= &i_{4}=0.0113 &V_{4}=3.056 &V_{4}’=3 &i_{4}’=34.7 \\
? 
! Missing $ inserted.
<inserted text> 
                $
l.146       R_{4}= &
                    i_{4}=0.0113 &V_{4}=3.056 &V_{4}’=3 &i_{4}’=34.7 \\
? 
! Missing $ inserted.
<inserted text> 
                $
l.146       R_{4}= &i_
                      {4}=0.0113 &V_{4}=3.056 &V_{4}’=3 &i_{4}’=34.7 \\
? 
! Missing $ inserted.
<inserted text> 
                $
l.146       R_{4}= &i_{4}=0.0113 &
                                  V_{4}=3.056 &V_{4}’=3 &i_{4}’=34.7 \\
? 
! Missing $ inserted.
<inserted text> 
                $
l.146       R_{4}= &i_{4}=0.0113 &V_
                                    {4}=3.056 &V_{4}’=3 &i_{4}’=34.7 \\
? 
! Missing $ inserted.
<inserted text> 
                $
l.146       R_{4}= &i_{4}=0.0113 &V_{4}=3.056 &
                                               V_{4}’=3 &i_{4}’=34.7 \\
? 
! Missing $ inserted.
<inserted text> 
                $
l.146       R_{4}= &i_{4}=0.0113 &V_{4}=3.056 &V_
                                                 {4}’=3 &i_{4}’=34.7 \\
? 

LaTeX Warning: Command \textquoteright invalid in math mode on input line 146.

! Missing $ inserted.
<inserted text> 
                $
l.146 ... &i_{4}=0.0113 &V_{4}=3.056 &V_{4}’=3 &
                                                  i_{4}’=34.7 \\
? 
! Missing $ inserted.
<inserted text> 
                $
l.146 ...i_{4}=0.0113 &V_{4}=3.056 &V_{4}’=3 &i_
                                                  {4}’=34.7 \\
? 

LaTeX Warning: Command \textquoteright invalid in math mode on input line 146.

! Missing $ inserted.
<inserted text> 
                $
l.147       R
             _{T}= 213.70 &iT= 0.0467 &VT= 10 &V_{T}’=9.91 &i_{T}’=45.5 \\
? 
! Missing $ inserted.
<inserted text> 
                $
l.147       R_
              {T}= 213.70 &iT= 0.0467 &VT= 10 &V_{T}’=9.91 &i_{T}’=45.5 \\
? 
! Missing $ inserted.
<inserted text> 
                $
l.147       R_{T}= 213.70 &
                           iT= 0.0467 &VT= 10 &V_{T}’=9.91 &i_{T}’=45.5 \\
? 
! Missing $ inserted.
<inserted text> 
                $
l.147       R_{T}= 213.70 &iT= 0.0467 &VT= 10 &V_
                                                 {T}’=9.91 &i_{T}’=45.5 \\
? 

LaTeX Warning: Command \textquoteright invalid in math mode on input line 147.

! Missing $ inserted.
<inserted text> 
                $
l.147 ...3.70 &iT= 0.0467 &VT= 10 &V_{T}’=9.91 &
                                                  i_{T}’=45.5 \\
? 
! Missing $ inserted.
<inserted text> 
                $
l.147 ...70 &iT= 0.0467 &VT= 10 &V_{T}’=9.91 &i_
                                                  {T}’=45.5 \\
? 

LaTeX Warning: Command \textquoteright invalid in math mode on input line 147.

! Missing $ inserted.
<inserted text> 
                $
l.148       \bottomrule
                       
? 

LaTeX Warning: Reference `LastPage' on page 7 undefined on input line 153.

File: ./inc/COPYlogo-utn.png Graphic file (type png)
<use ./inc/COPYlogo-utn.png>
Package pdftex.def Info: ./inc/COPYlogo-utn.png  used on input line 153.
(pdftex.def)             Requested size: 42.67912pt x 50.10168pt.

Overfull \hbox (20.77052pt too wide) has occurred while \output is active
[][] 
 []


LaTeX Warning: Reference `LastPage' on page 7 undefined on input line 153.

[7

]

LaTeX Warning: Reference `LastPage' on page 8 undefined on input line 153.

File: ./inc/COPYlogo-utn.png Graphic file (type png)
<use ./inc/COPYlogo-utn.png>
Package pdftex.def Info: ./inc/COPYlogo-utn.png  used on input line 153.
(pdftex.def)             Requested size: 42.67912pt x 50.10168pt.

Overfull \hbox (20.77052pt too wide) has occurred while \output is active
[][] 
 []


LaTeX Warning: Reference `LastPage' on page 8 undefined on input line 153.

[8{/usr/share/texmf-dist/fonts/enc/dvips/cm-super/cm-super-ts1.enc}]

enddocument/afterlastpage: lastpage setting LastPage.
(./informe.aux
LaTeX Info: Redefining \. on input line 9.
LaTeX Info: Redefining \% on input line 9.
)

LaTeX Warning: There were undefined references.


LaTeX Warning: Label(s) may have changed. Rerun to get cross-references right.


Package lastpage Warning: Rerun to get the references right on input line 153.

 ) 
Here is how much of TeX's memory you used:
 20910 strings out of 477985
 460432 string characters out of 5840057
 1871388 words of memory out of 5000000
 40725 multiletter control sequences out of 15000+600000
 567001 words of font info for 146 fonts, out of 8000000 for 9000
 14 hyphenation exceptions out of 8191
 89i,18n,92p,514b,673s stack positions out of 10000i,1000n,20000p,200000b,200000s
</usr/share/texmf-dist/fonts/type1/public/amsfonts/cm/cmr10.pfb></usr/share/t
exmf-dist/fonts/type1/public/amsfonts/cm/cmsy10.pfb></usr/share/texmf-dist/font
s/type1/public/mathpazo/fplmr.pfb></usr/share/texmf-dist/fonts/type1/public/mat
hpazo/fplmri.pfb></usr/share/texmf-dist/fonts/type1/public/cm-super/sfrb1200.pf
b></usr/share/texmf-dist/fonts/type1/urw/palatino/uplb8a.pfb></usr/share/texmf-
dist/fonts/type1/urw/palatino/uplr8a.pfb></usr/share/texmf-dist/fonts/type1/urw
/palatino/uplri8a.pfb>
Output written on informe.pdf (8 pages, 98556 bytes).
PDF statistics:
 80 PDF objects out of 1000 (max. 8388607)
 49 compressed objects within 1 object stream
 0 named destinations out of 1000 (max. 500000)
 23 words of extra memory for PDF output out of 10000 (max. 10000000)

